{"/home/hana/world-weather-week5/src/router.js":{"path":"/home/hana/world-weather-week5/src/router.js","s":{"1":1,"2":1,"3":4,"4":4,"5":1,"6":3,"7":1,"8":2,"9":1,"10":1,"11":1},"b":{"1":[1,3],"2":[4,3],"3":[1,2],"4":[1,1]},"f":{"1":4},"fnMap":{"1":{"name":"router","line":3,"loc":{"start":{"line":3,"column":0},"end":{"line":3,"column":25}}}},"statementMap":{"1":{"start":{"line":1,"column":0},"end":{"line":1,"column":38}},"2":{"start":{"line":3,"column":0},"end":{"line":16,"column":1}},"3":{"start":{"line":4,"column":2},"end":{"line":4,"column":18}},"4":{"start":{"line":5,"column":2},"end":{"line":14,"column":1}},"5":{"start":{"line":6,"column":0},"end":{"line":6,"column":31}},"6":{"start":{"line":7,"column":8},"end":{"line":14,"column":1}},"7":{"start":{"line":8,"column":0},"end":{"line":8,"column":31}},"8":{"start":{"line":9,"column":8},"end":{"line":14,"column":1}},"9":{"start":{"line":10,"column":4},"end":{"line":10,"column":35}},"10":{"start":{"line":13,"column":0},"end":{"line":13,"column":31}},"11":{"start":{"line":17,"column":0},"end":{"line":17,"column":24}}},"branchMap":{"1":{"line":5,"type":"if","locations":[{"start":{"line":5,"column":2},"end":{"line":5,"column":2}},{"start":{"line":5,"column":2},"end":{"line":5,"column":2}}]},"2":{"line":5,"type":"binary-expr","locations":[{"start":{"line":5,"column":6},"end":{"line":5,"column":15}},{"start":{"line":5,"column":17},"end":{"line":5,"column":42}}]},"3":{"line":7,"type":"if","locations":[{"start":{"line":7,"column":8},"end":{"line":7,"column":8}},{"start":{"line":7,"column":8},"end":{"line":7,"column":8}}]},"4":{"line":9,"type":"if","locations":[{"start":{"line":9,"column":8},"end":{"line":9,"column":8}},{"start":{"line":9,"column":8},"end":{"line":9,"column":8}}]}}},"/home/hana/world-weather-week5/src/handler.js":{"path":"/home/hana/world-weather-week5/src/handler.js","s":{"1":1,"2":1,"3":1,"4":1,"5":1,"6":1,"7":1,"8":1,"9":1,"10":1,"11":1,"12":1,"13":0,"14":0,"15":1,"16":1,"17":1,"18":1,"19":1,"20":1,"21":1,"22":1,"23":1,"24":1,"25":1,"26":1,"27":1,"28":1,"29":1,"30":1,"31":1,"32":0,"33":1,"34":1,"35":1,"36":1,"37":1,"38":1},"b":{"1":[1,0],"2":[0,1],"3":[0,1]},"f":{"1":1,"2":1,"3":1,"4":1,"5":1,"6":1,"7":1,"8":1,"9":1},"fnMap":{"1":{"name":"publicHandler","line":4,"loc":{"start":{"line":4,"column":0},"end":{"line":4,"column":32}}},"2":{"name":"searchHandler","line":32,"loc":{"start":{"line":32,"column":0},"end":{"line":32,"column":32}}},"3":{"name":"(anonymous_3)","line":34,"loc":{"start":{"line":34,"column":16},"end":{"line":34,"column":33}}},"4":{"name":"(anonymous_4)","line":37,"loc":{"start":{"line":37,"column":15},"end":{"line":37,"column":27}}},"5":{"name":"submitHandler","line":42,"loc":{"start":{"line":42,"column":0},"end":{"line":42,"column":32}}},"6":{"name":"(anonymous_6)","line":45,"loc":{"start":{"line":45,"column":16},"end":{"line":45,"column":33}}},"7":{"name":"(anonymous_7)","line":48,"loc":{"start":{"line":48,"column":15},"end":{"line":48,"column":27}}},"8":{"name":"(anonymous_8)","line":53,"loc":{"start":{"line":53,"column":26},"end":{"line":53,"column":42}}},"9":{"name":"noPageHandler","line":58,"loc":{"start":{"line":58,"column":0},"end":{"line":58,"column":32}}}},"statementMap":{"1":{"start":{"line":1,"column":0},"end":{"line":1,"column":41}},"2":{"start":{"line":2,"column":0},"end":{"line":2,"column":23}},"3":{"start":{"line":3,"column":0},"end":{"line":3,"column":38}},"4":{"start":{"line":4,"column":0},"end":{"line":31,"column":1}},"5":{"start":{"line":5,"column":2},"end":{"line":5,"column":19}},"6":{"start":{"line":6,"column":3},"end":{"line":8,"column":5}},"7":{"start":{"line":7,"column":4},"end":{"line":7,"column":31}},"8":{"start":{"line":9,"column":4},"end":{"line":9,"column":31}},"9":{"start":{"line":10,"column":4},"end":{"line":10,"column":48}},"10":{"start":{"line":12,"column":4},"end":{"line":17,"column":6}},"11":{"start":{"line":18,"column":4},"end":{"line":30,"column":7}},"12":{"start":{"line":19,"column":6},"end":{"line":29,"column":7}},"13":{"start":{"line":20,"column":8},"end":{"line":22,"column":11}},"14":{"start":{"line":23,"column":8},"end":{"line":23,"column":50}},"15":{"start":{"line":25,"column":8},"end":{"line":27,"column":11}},"16":{"start":{"line":28,"column":8},"end":{"line":28,"column":22}},"17":{"start":{"line":32,"column":0},"end":{"line":41,"column":1}},"18":{"start":{"line":33,"column":2},"end":{"line":33,"column":17}},"19":{"start":{"line":34,"column":2},"end":{"line":36,"column":5}},"20":{"start":{"line":35,"column":0},"end":{"line":35,"column":15}},"21":{"start":{"line":37,"column":2},"end":{"line":40,"column":5}},"22":{"start":{"line":38,"column":0},"end":{"line":38,"column":43}},"23":{"start":{"line":39,"column":0},"end":{"line":39,"column":32}},"24":{"start":{"line":42,"column":0},"end":{"line":57,"column":1}},"25":{"start":{"line":43,"column":2},"end":{"line":43,"column":17}},"26":{"start":{"line":44,"column":2},"end":{"line":44,"column":13}},"27":{"start":{"line":45,"column":2},"end":{"line":47,"column":5}},"28":{"start":{"line":46,"column":0},"end":{"line":46,"column":15}},"29":{"start":{"line":48,"column":2},"end":{"line":56,"column":3}},"30":{"start":{"line":49,"column":0},"end":{"line":49,"column":46}},"31":{"start":{"line":50,"column":0},"end":{"line":52,"column":1}},"32":{"start":{"line":51,"column":2},"end":{"line":51,"column":33}},"33":{"start":{"line":53,"column":0},"end":{"line":55,"column":5}},"34":{"start":{"line":54,"column":2},"end":{"line":54,"column":32}},"35":{"start":{"line":58,"column":0},"end":{"line":61,"column":1}},"36":{"start":{"line":59,"column":2},"end":{"line":59,"column":53}},"37":{"start":{"line":60,"column":1},"end":{"line":60,"column":31}},"38":{"start":{"line":62,"column":0},"end":{"line":67,"column":1}}},"branchMap":{"1":{"line":6,"type":"if","locations":[{"start":{"line":6,"column":3},"end":{"line":6,"column":3}},{"start":{"line":6,"column":3},"end":{"line":6,"column":3}}]},"2":{"line":19,"type":"if","locations":[{"start":{"line":19,"column":6},"end":{"line":19,"column":6}},{"start":{"line":19,"column":6},"end":{"line":19,"column":6}}]},"3":{"line":50,"type":"if","locations":[{"start":{"line":50,"column":0},"end":{"line":50,"column":0}},{"start":{"line":50,"column":0},"end":{"line":50,"column":0}}]}}},"/home/hana/world-weather-week5/src/functions.js":{"path":"/home/hana/world-weather-week5/src/functions.js","s":{"1":1,"2":1,"3":0,"4":0,"5":0,"6":1,"7":1,"8":1,"9":143,"10":10,"11":143,"12":1,"13":1,"14":1,"15":1,"16":1,"17":1,"18":1,"19":80754,"20":1,"21":0,"22":1,"23":0,"24":1},"b":{"1":[0,0],"2":[10,133],"3":[1,142],"4":[1,80753],"5":[80754,1]},"f":{"1":0,"2":1,"3":1,"4":0},"fnMap":{"1":{"name":"getCityByID","line":3,"loc":{"start":{"line":3,"column":0},"end":{"line":3,"column":29}}},"2":{"name":"getTenCities","line":9,"loc":{"start":{"line":9,"column":0},"end":{"line":9,"column":28}}},"3":{"name":"getCityIdBycityName","line":20,"loc":{"start":{"line":20,"column":0},"end":{"line":20,"column":35}}},"4":{"name":"toCelsius","line":32,"loc":{"start":{"line":32,"column":0},"end":{"line":32,"column":26}}}},"statementMap":{"1":{"start":{"line":1,"column":0},"end":{"line":1,"column":39}},"2":{"start":{"line":3,"column":0},"end":{"line":7,"column":1}},"3":{"start":{"line":4,"column":2},"end":{"line":6,"column":3}},"4":{"start":{"line":5,"column":4},"end":{"line":5,"column":45}},"5":{"start":{"line":5,"column":30},"end":{"line":5,"column":45}},"6":{"start":{"line":9,"column":0},"end":{"line":18,"column":1}},"7":{"start":{"line":10,"column":2},"end":{"line":10,"column":15}},"8":{"start":{"line":11,"column":2},"end":{"line":16,"column":3}},"9":{"start":{"line":12,"column":4},"end":{"line":14,"column":5}},"10":{"start":{"line":13,"column":6},"end":{"line":13,"column":53}},"11":{"start":{"line":15,"column":4},"end":{"line":15,"column":31}},"12":{"start":{"line":15,"column":25},"end":{"line":15,"column":31}},"13":{"start":{"line":17,"column":2},"end":{"line":17,"column":13}},"14":{"start":{"line":20,"column":0},"end":{"line":30,"column":1}},"15":{"start":{"line":21,"column":0},"end":{"line":21,"column":26}},"16":{"start":{"line":22,"column":0},"end":{"line":22,"column":21}},"17":{"start":{"line":23,"column":0},"end":{"line":23,"column":24}},"18":{"start":{"line":25,"column":0},"end":{"line":28,"column":1}},"19":{"start":{"line":26,"column":2},"end":{"line":26,"column":85}},"20":{"start":{"line":26,"column":67},"end":{"line":26,"column":85}},"21":{"start":{"line":29,"column":0},"end":{"line":29,"column":10}},"22":{"start":{"line":32,"column":0},"end":{"line":34,"column":1}},"23":{"start":{"line":33,"column":2},"end":{"line":33,"column":38}},"24":{"start":{"line":36,"column":0},"end":{"line":41,"column":1}}},"branchMap":{"1":{"line":5,"type":"if","locations":[{"start":{"line":5,"column":4},"end":{"line":5,"column":4}},{"start":{"line":5,"column":4},"end":{"line":5,"column":4}}]},"2":{"line":12,"type":"if","locations":[{"start":{"line":12,"column":4},"end":{"line":12,"column":4}},{"start":{"line":12,"column":4},"end":{"line":12,"column":4}}]},"3":{"line":15,"type":"if","locations":[{"start":{"line":15,"column":4},"end":{"line":15,"column":4}},{"start":{"line":15,"column":4},"end":{"line":15,"column":4}}]},"4":{"line":26,"type":"if","locations":[{"start":{"line":26,"column":2},"end":{"line":26,"column":2}},{"start":{"line":26,"column":2},"end":{"line":26,"column":2}}]},"5":{"line":26,"type":"binary-expr","locations":[{"start":{"line":26,"column":5},"end":{"line":26,"column":30}},{"start":{"line":26,"column":34},"end":{"line":26,"column":65}}]}}},"/home/hana/world-weather-week5/src/request.js":{"path":"/home/hana/world-weather-week5/src/request.js","s":{"1":1,"2":1,"3":1,"4":1,"5":1,"6":1,"7":1,"8":1,"9":1,"10":1,"11":1,"12":1,"13":1,"14":1,"15":1},"b":{},"f":{"1":1,"2":1},"fnMap":{"1":{"name":"apiRequest","line":7,"loc":{"start":{"line":7,"column":0},"end":{"line":7,"column":27}}},"2":{"name":"(anonymous_2)","line":10,"loc":{"start":{"line":10,"column":16},"end":{"line":10,"column":48}}}},"statementMap":{"1":{"start":{"line":2,"column":0},"end":{"line":2,"column":33}},"2":{"start":{"line":3,"column":0},"end":{"line":3,"column":48}},"3":{"start":{"line":4,"column":0},"end":{"line":4,"column":61}},"4":{"start":{"line":7,"column":0},"end":{"line":21,"column":1}},"5":{"start":{"line":8,"column":2},"end":{"line":8,"column":46}},"6":{"start":{"line":10,"column":2},"end":{"line":20,"column":5}},"7":{"start":{"line":11,"column":4},"end":{"line":11,"column":34}},"8":{"start":{"line":12,"column":4},"end":{"line":12,"column":19}},"9":{"start":{"line":13,"column":9},"end":{"line":13,"column":63}},"10":{"start":{"line":14,"column":9},"end":{"line":14,"column":93}},"11":{"start":{"line":15,"column":9},"end":{"line":15,"column":41}},"12":{"start":{"line":16,"column":9},"end":{"line":16,"column":49}},"13":{"start":{"line":17,"column":9},"end":{"line":17,"column":49}},"14":{"start":{"line":19,"column":4},"end":{"line":19,"column":16}},"15":{"start":{"line":22,"column":0},"end":{"line":24,"column":1}}},"branchMap":{}}}