TN:
SF:/home/hana/world-weather-week5/src/router.js
FN:3,router
FNF:1
FNH:1
FNDA:4,router
DA:1,1
DA:3,1
DA:4,4
DA:5,4
DA:6,1
DA:7,3
DA:8,1
DA:9,2
DA:10,1
DA:13,1
DA:17,1
LF:11
LH:11
BRDA:5,1,0,1
BRDA:5,1,1,3
BRDA:5,2,0,4
BRDA:5,2,1,3
BRDA:7,3,0,1
BRDA:7,3,1,2
BRDA:9,4,0,1
BRDA:9,4,1,1
BRF:8
BRH:8
end_of_record
TN:
SF:/home/hana/world-weather-week5/src/handler.js
FN:4,publicHandler
FN:32,searchHandler
FN:34,(anonymous_3)
FN:37,(anonymous_4)
FN:42,submitHandler
FN:45,(anonymous_6)
FN:48,(anonymous_7)
FN:53,(anonymous_8)
FN:58,noPageHandler
FNF:9
FNH:9
FNDA:1,publicHandler
FNDA:1,searchHandler
FNDA:1,(anonymous_3)
FNDA:1,(anonymous_4)
FNDA:1,submitHandler
FNDA:1,(anonymous_6)
FNDA:1,(anonymous_7)
FNDA:1,(anonymous_8)
FNDA:1,noPageHandler
DA:1,1
DA:2,1
DA:3,1
DA:4,1
DA:5,1
DA:6,1
DA:7,1
DA:9,1
DA:10,1
DA:12,1
DA:18,1
DA:19,1
DA:20,0
DA:23,0
DA:25,1
DA:28,1
DA:32,1
DA:33,1
DA:34,1
DA:35,1
DA:37,1
DA:38,1
DA:39,1
DA:42,1
DA:43,1
DA:44,1
DA:45,1
DA:46,1
DA:48,1
DA:49,1
DA:50,1
DA:51,0
DA:53,1
DA:54,1
DA:58,1
DA:59,1
DA:60,1
DA:62,1
LF:38
LH:35
BRDA:6,1,0,1
BRDA:6,1,1,0
BRDA:19,2,0,0
BRDA:19,2,1,1
BRDA:50,3,0,0
BRDA:50,3,1,1
BRF:6
BRH:3
end_of_record
TN:
SF:/home/hana/world-weather-week5/src/functions.js
FN:3,getCityByID
FN:9,getTenCities
FN:20,getCityIdBycityName
FN:32,toCelsius
FNF:4
FNH:2
FNDA:0,getCityByID
FNDA:1,getTenCities
FNDA:1,getCityIdBycityName
FNDA:0,toCelsius
DA:1,1
DA:3,1
DA:4,0
DA:5,0
DA:9,1
DA:10,1
DA:11,1
DA:12,143
DA:13,10
DA:15,143
DA:17,1
DA:20,1
DA:21,1
DA:22,1
DA:23,1
DA:25,1
DA:26,80754
DA:29,0
DA:32,1
DA:33,0
DA:36,1
LF:21
LH:17
BRDA:5,1,0,0
BRDA:5,1,1,0
BRDA:12,2,0,10
BRDA:12,2,1,133
BRDA:15,3,0,1
BRDA:15,3,1,142
BRDA:26,4,0,1
BRDA:26,4,1,80753
BRDA:26,5,0,80754
BRDA:26,5,1,1
BRF:10
BRH:8
end_of_record
TN:
SF:/home/hana/world-weather-week5/src/request.js
FN:7,apiRequest
FN:10,(anonymous_2)
FNF:2
FNH:2
FNDA:1,apiRequest
FNDA:1,(anonymous_2)
DA:2,1
DA:3,1
DA:4,1
DA:7,1
DA:8,1
DA:10,1
DA:11,1
DA:12,1
DA:13,1
DA:14,1
DA:15,1
DA:16,1
DA:17,1
DA:19,1
DA:22,1
LF:15
LH:15
BRF:0
BRH:0
end_of_record
